e:\mydocuments\visual studio project\animus\animus\debug\vc120.pdb
e:\mydocuments\visual studio project\animus\animus\debug\vc120.idb
e:\mydocuments\visual studio project\animus\animus\debug\main.obj
e:\mydocuments\visual studio project\animus\animus\debug\animusdisplayer.obj
e:\mydocuments\visual studio project\animus\animus\debug\animusloader.obj
e:\mydocuments\visual studio project\animus\animus\debug\animustype.obj
e:\mydocuments\visual studio project\animus\animus\debug\animusmaterialnode.obj
e:\mydocuments\visual studio project\animus\animus\debug\animusmeshnode.obj
e:\mydocuments\visual studio project\animus\animus\debug\animustransformnode.obj
e:\mydocuments\visual studio project\animus\animus\debug\animuscameranode.obj
e:\mydocuments\visual studio project\animus\animus\debug\animusnode.obj
e:\mydocuments\visual studio project\animus\animus\debug\animuslightnode.obj
e:\mydocuments\visual studio project\animus\animus\debug\animusanimationnode.obj
e:\mydocuments\visual studio project\animus\debug\animus.ilk
e:\mydocuments\visual studio project\animus\debug\animus.exe
e:\mydocuments\visual studio project\animus\debug\animus.pdb
e:\mydocuments\visual studio project\animus\animus\debug\animus.tlog\cl.command.1.tlog
e:\mydocuments\visual studio project\animus\animus\debug\animus.tlog\cl.read.1.tlog
e:\mydocuments\visual studio project\animus\animus\debug\animus.tlog\cl.write.1.tlog
e:\mydocuments\visual studio project\animus\animus\debug\animus.tlog\link.command.1.tlog
e:\mydocuments\visual studio project\animus\animus\debug\animus.tlog\link.read.1.tlog
e:\mydocuments\visual studio project\animus\animus\debug\animus.tlog\link.write.1.tlog
